#
# A fatal error has been detected by the Java Runtime Environment:
#
#  EXCEPTION_ACCESS_VIOLATION (0xc0000005) at pc=0x0000000058693acc, pid=18892, tid=0x0000000000002748
#
# JRE version: OpenJDK Runtime Environment (8.0_202-b03) (build 1.8.0_202-release-1483-b03)
# Java VM: OpenJDK 64-Bit Server VM (25.202-b03 mixed mode windows-amd64 compressed oops)
# Problematic frame:
# V  [jvm.dll+0x433acc]
#
# Failed to write core dump. Minidumps are not enabled by default on client versions of Windows
#
# If you would like to submit a bug report, please visit:
#   http://bugreport.java.com/bugreport/crash.jsp
#

---------------  T H R E A D  ---------------

Current thread (0x0000000018b3b000):  JavaThread "C2 CompilerThread0" daemon [_thread_in_native, id=10056, stack(0x0000000019410000,0x0000000019510000)]

siginfo: ExceptionCode=0xc0000005, writing address 0x0000000e67c670d8

Registers:
RAX=0x0000000000000001, RBX=0x0000000e67c67070, RCX=0x0000000000000000, RDX=0x0000000000000001
RSP=0x000000001950c3e0, RBP=0xffffffffffffffff, RSI=0x000000001a0d6140, RDI=0x00000000203c2cb0
R8 =0x00000000000001a8, R9 =0x0000000000000001, R10=0x0000000000000062, R11=0x0000000000000050
R12=0x000000001950c7f0, R13=0x0000000018ba5d70, R14=0x0000000058260000, R15=0x0000000000000001
RIP=0x0000000058693acc, EFLAGS=0x0000000000010202

Top of Stack: (sp=0x000000001950c3e0)
0x000000001950c3e0:   000000003516f630 000000001a0d60c8
0x000000001950c3f0:   00000000203c2cb0 ffffffffffffffff
0x000000001950c400:   0000000200000085 00000000203c2cb0
0x000000001950c410:   0000000000000090 0000000000000085
0x000000001950c420:   0000000000000000 0000000000000000
0x000000001950c430:   000000001950c500 00000000000003d8
0x000000001950c440:   000000002ca62de8 000000002ca62a10
0x000000001950c450:   000000001950c580 0000000000000000
0x000000001950c460:   000000001950c7f0 000000002ca62a00
0x000000001950c470:   0000000000000000 0000000058696f34
0x000000001950c480:   000000001950c7f0 000000001950c501
0x000000001950c490:   00000000ffffffff 0000000000000012
0x000000001950c4a0:   0000000000000006 000000002ca62a00
0x000000001950c4b0:   00000000201f82b0 00000000201fa2e8
0x000000001950c4c0:   0000000020200298 00000000007e56a8
0x000000001950c4d0:   0000000000000006 00000000302ac3b0 

Instructions: (pc=0x0000000058693acc)
0x0000000058693aac:   00 73 5c 44 8b c0 49 8b 84 24 98 00 00 00 83 e1
0x0000000058693abc:   1f 42 8b 04 80 ba 01 00 00 00 d3 e2 23 c2 74 3f
0x0000000058693acc:   83 4b 68 08 8b 4e 28 44 8b 4b 68 8b c1 c1 e8 05
0x0000000058693adc:   41 3b 84 24 b0 00 00 00 73 25 44 8b c0 49 8b 84 


Register to memory mapping:

RAX=0x0000000000000001 is an unknown value
RBX=0x0000000e67c67070 is an unknown value
RCX=0x0000000000000000 is an unknown value
RDX=0x0000000000000001 is an unknown value
RSP=0x000000001950c3e0 is pointing into the stack for thread: 0x0000000018b3b000
RBP=0xffffffffffffffff is an unknown value
RSI=0x000000001a0d6140 is an unknown value
RDI=0x00000000203c2cb0 is an unknown value
R8 =0x00000000000001a8 is an unknown value
R9 =0x0000000000000001 is an unknown value
R10=0x0000000000000062 is an unknown value
R11=0x0000000000000050 is an unknown value
R12=0x000000001950c7f0 is pointing into the stack for thread: 0x0000000018b3b000
R13=0x0000000018ba5d70 is an unknown value
R14=0x0000000058260000 is an unknown value
R15=0x0000000000000001 is an unknown value


Stack: [0x0000000019410000,0x0000000019510000],  sp=0x000000001950c3e0,  free space=1008k
Native frames: (J=compiled Java code, j=interpreted, Vv=VM code, C=native code)
V  [jvm.dll+0x433acc]
V  [jvm.dll+0x436f34]
V  [jvm.dll+0x4419bb]
V  [jvm.dll+0x4442b8]
V  [jvm.dll+0x4273d2]
V  [jvm.dll+0x8215f]
V  [jvm.dll+0x82abf]
V  [jvm.dll+0x21db7f]
V  [jvm.dll+0x26f5ba]
C  [msvcr100.dll+0x21d9f]
C  [msvcr100.dll+0x21e3b]
C  [KERNEL32.DLL+0x17bd4]
C  [ntdll.dll+0x6ced1]


Current CompileTask:
C2:3711557 28936       4       com.android.tools.r8.ir.optimize.CodeRewriter::f (1556 bytes)


---------------  P R O C E S S  ---------------

Java Threads: ( => current thread )
  0x000000001e1a0000 JavaThread "stdout" [_thread_in_native, id=5588, stack(0x0000000032e80000,0x0000000032f80000)]
  0x000000001e19f000 JavaThread "stderr" [_thread_in_native, id=7412, stack(0x0000000032d80000,0x0000000032e80000)]
  0x000000001e197800 JavaThread "pool-23-thread-1" [_thread_blocked, id=13844, stack(0x0000000032c80000,0x0000000032d80000)]
  0x000000001e19d800 JavaThread "WorkerExecutor Queue Thread 2" [_thread_blocked, id=18452, stack(0x0000000029c20000,0x0000000029d20000)]
  0x000000001e196000 JavaThread "WorkerExecutor Queue" [_thread_blocked, id=17232, stack(0x00000000298f0000,0x00000000299f0000)]
  0x000000001e19d000 JavaThread "Cache worker for execution history cache (C:\Users\navde\AndroidStudioProjects\CodevarAdmin\.gradle\5.4.1\executionHistory)" [_thread_blocked, id=2380, stack(0x00000000286e0000,0x00000000287e0000)]
  0x000000001e197000 JavaThread "Execution worker for ':' Thread 7" [_thread_in_Java, id=4524, stack(0x00000000282b0000,0x00000000283b0000)]
  0x000000001e19a000 JavaThread "Execution worker for ':' Thread 6" [_thread_in_Java, id=14836, stack(0x0000000027b90000,0x0000000027c90000)]
  0x000000001e19c000 JavaThread "Execution worker for ':' Thread 5" [_thread_in_Java, id=3084, stack(0x0000000027a90000,0x0000000027b90000)]
  0x000000001a074800 JavaThread "Execution worker for ':' Thread 4" [_thread_in_Java, id=12192, stack(0x0000000027890000,0x0000000027990000)]
  0x000000001a075800 JavaThread "Execution worker for ':' Thread 3" [_thread_blocked, id=14356, stack(0x0000000027690000,0x0000000027790000)]
  0x000000001a072800 JavaThread "Execution worker for ':' Thread 2" [_thread_in_Java, id=18636, stack(0x0000000027590000,0x0000000027690000)]
  0x000000001a071800 JavaThread "Execution worker for ':'" [_thread_in_Java, id=17700, stack(0x0000000026050000,0x0000000026150000)]
  0x000000001a067800 JavaThread "Cache worker for file content cache (C:\Users\navde\AndroidStudioProjects\CodevarAdmin\.gradle\5.4.1\fileContent)" [_thread_blocked, id=11104, stack(0x0000000025b50000,0x0000000025c50000)]
  0x000000001a06e800 JavaThread "Cache worker for Build Output Cleanup Cache (C:\Users\navde\AndroidStudioProjects\CodevarAdmin\.gradle\buildOutputCleanup)" [_thread_blocked, id=18416, stack(0x0000000024390000,0x0000000024490000)]
  0x000000001a067000 JavaThread "pool-22-thread-1" [_thread_blocked, id=19388, stack(0x0000000023a60000,0x0000000023b60000)]
  0x000000001a06c000 JavaThread "Build operations Thread 8" [_thread_blocked, id=16624, stack(0x0000000023230000,0x0000000023330000)]
  0x000000001a068800 JavaThread "Build operations Thread 7" [_thread_blocked, id=14100, stack(0x00000000228a0000,0x00000000229a0000)]
  0x000000001a06d000 JavaThread "Build operations Thread 6" [_thread_blocked, id=12848, stack(0x00000000227a0000,0x00000000228a0000)]
  0x000000001a06b800 JavaThread "Build operations Thread 5" [_thread_blocked, id=14360, stack(0x00000000226a0000,0x00000000227a0000)]
  0x000000001a06a800 JavaThread "Build operations Thread 4" [_thread_blocked, id=2836, stack(0x00000000225a0000,0x00000000226a0000)]
  0x000000001a06a000 JavaThread "Build operations Thread 3" [_thread_blocked, id=18656, stack(0x00000000224a0000,0x00000000225a0000)]
  0x000000001a06e000 JavaThread "Build operations Thread 2" [_thread_blocked, id=9440, stack(0x00000000223a0000,0x00000000224a0000)]
  0x000000001a066000 JavaThread "Build operations" [_thread_blocked, id=1320, stack(0x00000000222a0000,0x00000000223a0000)]
  0x00000000202f2800 JavaThread "Cache worker for cache directory md-rule (C:\Users\navde\.gradle\caches\5.4.1\md-rule)" [_thread_blocked, id=18704, stack(0x00000000221a0000,0x00000000222a0000)]
  0x00000000202f0000 JavaThread "Cache worker for cache directory md-supplier (C:\Users\navde\.gradle\caches\5.4.1\md-supplier)" [_thread_blocked, id=13480, stack(0x00000000220a0000,0x00000000221a0000)]
  0x00000000202ef800 JavaThread "Cache worker for file hash cache (C:\Users\navde\AndroidStudioProjects\CodevarAdmin\.gradle\5.4.1\fileHashes)" [_thread_blocked, id=19036, stack(0x0000000021400000,0x0000000021500000)]
  0x00000000202f1000 JavaThread "Thread-322" [_thread_blocked, id=8896, stack(0x0000000021300000,0x0000000021400000)]
  0x00000000202ee800 JavaThread "Stdin handler" [_thread_blocked, id=8600, stack(0x000000001fbd0000,0x000000001fcd0000)]
  0x00000000202f1800 JavaThread "Asynchronous log dispatcher for DefaultDaemonConnection: socket connection from /127.0.0.1:52569 to /127.0.0.1:53412" [_thread_blocked, id=15820, stack(0x000000001d130000,0x000000001d230000)]
  0x00000000202e8000 JavaThread "Daemon worker Thread 9" [_thread_in_Java, id=8820, stack(0x000000001d030000,0x000000001d130000)]
  0x00000000202ed000 JavaThread "Cancel handler" [_thread_blocked, id=3576, stack(0x000000001cc30000,0x000000001cd30000)]
  0x00000000202e5800 JavaThread "Handler for socket connection from /127.0.0.1:52569 to /127.0.0.1:53412" [_thread_in_native, id=13512, stack(0x000000001cb30000,0x000000001cc30000)]
  0x00000000202eb000 JavaThread "Daemon Thread 9" [_thread_blocked, id=13664, stack(0x0000000001390000,0x0000000001490000)]
  0x000000001e194000 JavaThread "Cache worker for Java compile cache (C:\Users\navde\.gradle\caches\5.4.1\javaCompile)" [_thread_blocked, id=6188, stack(0x0000000027990000,0x0000000027a90000)]
  0x000000001a069000 JavaThread "MarlinRenderer Disposer" daemon [_thread_blocked, id=9444, stack(0x0000000028820000,0x0000000028920000)]
  0x000000001b03e800 JavaThread "Java2D Disposer" daemon [_thread_blocked, id=18472, stack(0x00000000285e0000,0x00000000286e0000)]
  0x000000001dd3e800 JavaThread "Cache worker for file content cache (C:\Users\navde\.gradle\caches\5.4.1\fileContent)" [_thread_blocked, id=16588, stack(0x0000000025c50000,0x0000000025d50000)]
  0x000000001dd43000 JavaThread "Memory manager" [_thread_blocked, id=13416, stack(0x0000000023330000,0x0000000023430000)]
  0x000000001b03a800 JavaThread "Cache worker for execution history cache (C:\Users\navde\.gradle\caches\5.4.1\executionHistory)" [_thread_blocked, id=5744, stack(0x0000000021500000,0x0000000021600000)]
  0x000000001b03d800 JavaThread "Cache worker for journal cache (C:\Users\navde\.gradle\caches\journal-1)" [_thread_blocked, id=15872, stack(0x000000001d730000,0x000000001d830000)]
  0x000000001b03d000 JavaThread "File lock request listener" [_thread_in_native, id=6900, stack(0x000000001d630000,0x000000001d730000)]
  0x000000001afc0000 JavaThread "Cache worker for file hash cache (C:\Users\navde\.gradle\caches\5.4.1\fileHashes)" [_thread_blocked, id=12872, stack(0x000000001d530000,0x000000001d630000)]
  0x000000001ac34800 JavaThread "Daemon periodic checks" [_thread_blocked, id=17332, stack(0x000000001ca30000,0x000000001cb30000)]
  0x000000001ace1800 JavaThread "Incoming local TCP Connector on port 52569" [_thread_in_native, id=17564, stack(0x000000001c7f0000,0x000000001c8f0000)]
  0x000000001ac46000 JavaThread "Daemon health stats" [_thread_blocked, id=17760, stack(0x000000001c1b0000,0x000000001c2b0000)]
  0x0000000018b92000 JavaThread "Service Thread" daemon [_thread_blocked, id=12024, stack(0x0000000019810000,0x0000000019910000)]
  0x0000000018b4f800 JavaThread "C1 CompilerThread3" daemon [_thread_blocked, id=19220, stack(0x0000000019710000,0x0000000019810000)]
  0x0000000018b40000 JavaThread "C2 CompilerThread2" daemon [_thread_in_native, id=16176, stack(0x0000000019610000,0x0000000019710000)]
  0x0000000018b3d000 JavaThread "C2 CompilerThread1" daemon [_thread_in_native, id=12096, stack(0x0000000019510000,0x0000000019610000)]
=>0x0000000018b3b000 JavaThread "C2 CompilerThread0" daemon [_thread_in_native, id=10056, stack(0x0000000019410000,0x0000000019510000)]
  0x0000000018b39000 JavaThread "Attach Listener" daemon [_thread_blocked, id=18924, stack(0x0000000019310000,0x0000000019410000)]
  0x0000000018b36000 JavaThread "Signal Dispatcher" daemon [_thread_blocked, id=10136, stack(0x0000000019210000,0x0000000019310000)]
  0x0000000018b30800 JavaThread "Finalizer" daemon [_thread_blocked, id=12308, stack(0x0000000019010000,0x0000000019110000)]
  0x0000000016d4c000 JavaThread "Reference Handler" daemon [_thread_blocked, id=2868, stack(0x0000000018f10000,0x0000000019010000)]
  0x0000000002e92800 JavaThread "main" [_thread_blocked, id=13536, stack(0x0000000002d90000,0x0000000002e90000)]

Other Threads:
  0x0000000016d47800 VMThread [stack: 0x0000000018a10000,0x0000000018b10000] [id=3008]
  0x0000000018b96800 WatcherThread [stack: 0x0000000019910000,0x0000000019a10000] [id=18012]

VM state:not at safepoint (normal execution)

VM Mutex/Monitor currently owned by a thread: None

heap address: 0x00000000a0000000, size: 1536 MB, Compressed Oops mode: 32-bit
Narrow klass base: 0x0000000000000000, Narrow klass shift: 3
Compressed class space size: 1073741824 Address: 0x0000000100000000

Heap:
 PSYoungGen      total 476672K, used 40374K [0x00000000e0000000, 0x00000000ffe00000, 0x0000000100000000)
  eden space 431104K, 7% used [0x00000000e0000000,0x00000000e1e2e998,0x00000000fa500000)
  from space 45568K, 20% used [0x00000000fa500000,0x00000000fae3ef18,0x00000000fd180000)
  to   space 44544K, 0% used [0x00000000fd280000,0x00000000fd280000,0x00000000ffe00000)
 ParOldGen       total 414208K, used 285501K [0x00000000a0000000, 0x00000000b9480000, 0x00000000e0000000)
  object space 414208K, 68% used [0x00000000a0000000,0x00000000b16cf658,0x00000000b9480000)
 Metaspace       used 103912K, capacity 108924K, committed 111832K, reserved 1146880K
  class space    used 13035K, capacity 13913K, committed 14552K, reserved 1048576K

Card table byte_map: [0x0000000012350000,0x0000000012660000] byte_map_base: 0x0000000011e50000

Marking Bits: (ParMarkBitMap*) 0x0000000058a29f30
 Begin Bits: [0x0000000013060000, 0x0000000014860000)
 End Bits:   [0x0000000014860000, 0x0000000016060000)

Polling page: 0x00000000014e0000

CodeCache: size=245760Kb used=78247Kb max_used=78702Kb free=167512Kb
 bounds [0x0000000002f90000, 0x0000000007cf0000, 0x0000000011f90000]
 total_blobs=22779 nmethods=21753 adapters=935
 compilation: enabled

Compilation events (10 events):
Event: 3711.316 Thread 0x0000000018b4f800 29168       2       org.objectweb.asm.MethodVisitor::visitTableSwitchInsn (20 bytes)
Event: 3711.317 Thread 0x0000000018b4f800 nmethod 29168 0x0000000005ace110 code [0x0000000005ace280, 0x0000000005ace408]
Event: 3711.381 Thread 0x0000000018b4f800 29170       2       org.objectweb.asm.commons.ClassRemapper::visitOuterClass (47 bytes)
Event: 3711.382 Thread 0x0000000018b4f800 nmethod 29170 0x0000000005acd910 code [0x0000000005acdac0, 0x0000000005acde48]
Event: 3711.382 Thread 0x0000000018b4f800 29171       2       org.objectweb.asm.ClassWriter::visitOuterClass (28 bytes)
Event: 3711.383 Thread 0x0000000018b4f800 nmethod 29171 0x0000000005acd410 code [0x0000000005acd580, 0x0000000005acd778]
Event: 3711.394 Thread 0x0000000018b4f800 29173       2       org.objectweb.asm.MethodWriter::visitLookupSwitchInsn (126 bytes)
Event: 3711.394 Thread 0x0000000018b4f800 nmethod 29173 0x00000000071f9cd0 code [0x00000000071f9ea0, 0x00000000071fa2a8]
Event: 3711.394 Thread 0x0000000018b4f800 29172       2       org.objectweb.asm.MethodVisitor::visitLookupSwitchInsn (18 bytes)
Event: 3711.395 Thread 0x0000000018b4f800 nmethod 29172 0x0000000005acd050 code [0x0000000005acd1c0, 0x0000000005acd348]

GC Heap History (10 events):
Event: 3708.938 GC heap before
{Heap before GC invocations=81 (full 5):
 PSYoungGen      total 464896K, used 431838K [0x00000000e0000000, 0x00000000ffa80000, 0x0000000100000000)
  eden space 413184K, 100% used [0x00000000e0000000,0x00000000f9380000,0x00000000f9380000)
  from space 51712K, 36% used [0x00000000f9380000,0x00000000fa5b78d8,0x00000000fc600000)
  to   space 49664K, 0% used [0x00000000fca00000,0x00000000fca00000,0x00000000ffa80000)
 ParOldGen       total 414208K, used 224526K [0x00000000a0000000, 0x00000000b9480000, 0x00000000e0000000)
  object space 414208K, 54% used [0x00000000a0000000,0x00000000adb43a80,0x00000000b9480000)
 Metaspace       used 103218K, capacity 108176K, committed 111832K, reserved 1146880K
  class space    used 13000K, capacity 13879K, committed 14552K, reserved 1048576K
Event: 3708.963 GC heap after
Heap after GC invocations=81 (full 5):
 PSYoungGen      total 468992K, used 11586K [0x00000000e0000000, 0x00000000ffe00000, 0x0000000100000000)
  eden space 419328K, 0% used [0x00000000e0000000,0x00000000e0000000,0x00000000f9980000)
  from space 49664K, 23% used [0x00000000fca00000,0x00000000fd550a28,0x00000000ffa80000)
  to   space 49664K, 0% used [0x00000000f9980000,0x00000000f9980000,0x00000000fca00000)
 ParOldGen       total 414208K, used 240500K [0x00000000a0000000, 0x00000000b9480000, 0x00000000e0000000)
  object space 414208K, 58% used [0x00000000a0000000,0x00000000aeadd328,0x00000000b9480000)
 Metaspace       used 103218K, capacity 108176K, committed 111832K, reserved 1146880K
  class space    used 13000K, capacity 13879K, committed 14552K, reserved 1048576K
}
Event: 3709.411 GC heap before
{Heap before GC invocations=82 (full 5):
 PSYoungGen      total 468992K, used 430914K [0x00000000e0000000, 0x00000000ffe00000, 0x0000000100000000)
  eden space 419328K, 100% used [0x00000000e0000000,0x00000000f9980000,0x00000000f9980000)
  from space 49664K, 23% used [0x00000000fca00000,0x00000000fd550a28,0x00000000ffa80000)
  to   space 49664K, 0% used [0x00000000f9980000,0x00000000f9980000,0x00000000fca00000)
 ParOldGen       total 414208K, used 240500K [0x00000000a0000000, 0x00000000b9480000, 0x00000000e0000000)
  object space 414208K, 58% used [0x00000000a0000000,0x00000000aeadd328,0x00000000b9480000)
 Metaspace       used 103219K, capacity 108176K, committed 111832K, reserved 1146880K
  class space    used 13000K, capacity 13879K, committed 14552K, reserved 1048576K
Event: 3709.444 GC heap after
Heap after GC invocations=82 (full 5):
 PSYoungGen      total 468992K, used 13215K [0x00000000e0000000, 0x00000000ffe00000, 0x0000000100000000)
  eden space 419328K, 0% used [0x00000000e0000000,0x00000000e0000000,0x00000000f9980000)
  from space 49664K, 26% used [0x00000000f9980000,0x00000000fa667df0,0x00000000fca00000)
  to   space 48640K, 0% used [0x00000000fce80000,0x00000000fce80000,0x00000000ffe00000)
 ParOldGen       total 414208K, used 250113K [0x00000000a0000000, 0x00000000b9480000, 0x00000000e0000000)
  object space 414208K, 60% used [0x00000000a0000000,0x00000000af4406e8,0x00000000b9480000)
 Metaspace       used 103219K, capacity 108176K, committed 111832K, reserved 1146880K
  class space    used 13000K, capacity 13879K, committed 14552K, reserved 1048576K
}
Event: 3710.114 GC heap before
{Heap before GC invocations=83 (full 5):
 PSYoungGen      total 468992K, used 432543K [0x00000000e0000000, 0x00000000ffe00000, 0x0000000100000000)
  eden space 419328K, 100% used [0x00000000e0000000,0x00000000f9980000,0x00000000f9980000)
  from space 49664K, 26% used [0x00000000f9980000,0x00000000fa667df0,0x00000000fca00000)
  to   space 48640K, 0% used [0x00000000fce80000,0x00000000fce80000,0x00000000ffe00000)
 ParOldGen       total 414208K, used 251596K [0x00000000a0000000, 0x00000000b9480000, 0x00000000e0000000)
  object space 414208K, 60% used [0x00000000a0000000,0x00000000af5b3200,0x00000000b9480000)
 Metaspace       used 103723K, capacity 108662K, committed 111832K, reserved 1146880K
  class space    used 13031K, capacity 13912K, committed 14552K, reserved 1048576K
Event: 3710.138 GC heap after
Heap after GC invocations=83 (full 5):
 PSYoungGen      total 472576K, used 13583K [0x00000000e0000000, 0x00000000ffc00000, 0x0000000100000000)
  eden space 425984K, 0% used [0x00000000e0000000,0x00000000e0000000,0x00000000fa000000)
  from space 46592K, 29% used [0x00000000fce80000,0x00000000fdbc3dd0,0x00000000ffc00000)
  to   space 47104K, 0% used [0x00000000fa000000,0x00000000fa000000,0x00000000fce00000)
 ParOldGen       total 414208K, used 260947K [0x00000000a0000000, 0x00000000b9480000, 0x00000000e0000000)
  object space 414208K, 62% used [0x00000000a0000000,0x00000000afed4e38,0x00000000b9480000)
 Metaspace       used 103723K, capacity 108662K, committed 111832K, reserved 1146880K
  class space    used 13031K, capacity 13912K, committed 14552K, reserved 1048576K
}
Event: 3710.637 GC heap before
{Heap before GC invocations=84 (full 5):
 PSYoungGen      total 472576K, used 439567K [0x00000000e0000000, 0x00000000ffc00000, 0x0000000100000000)
  eden space 425984K, 100% used [0x00000000e0000000,0x00000000fa000000,0x00000000fa000000)
  from space 46592K, 29% used [0x00000000fce80000,0x00000000fdbc3dd0,0x00000000ffc00000)
  to   space 47104K, 0% used [0x00000000fa000000,0x00000000fa000000,0x00000000fce00000)
 ParOldGen       total 414208K, used 260950K [0x00000000a0000000, 0x00000000b9480000, 0x00000000e0000000)
  object space 414208K, 62% used [0x00000000a0000000,0x00000000afed5908,0x00000000b9480000)
 Metaspace       used 103834K, capacity 108860K, committed 111832K, reserved 1146880K
  class space    used 13033K, capacity 13913K, committed 14552K, reserved 1048576K
Event: 3710.663 GC heap after
Heap after GC invocations=84 (full 5):
 PSYoungGen      total 473088K, used 13248K [0x00000000e0000000, 0x00000000ffe80000, 0x0000000100000000)
  eden space 425984K, 0% used [0x00000000e0000000,0x00000000e0000000,0x00000000fa000000)
  from space 47104K, 28% used [0x00000000fa000000,0x00000000facf0098,0x00000000fce00000)
  to   space 46080K, 0% used [0x00000000fd180000,0x00000000fd180000,0x00000000ffe80000)
 ParOldGen       total 414208K, used 272525K [0x00000000a0000000, 0x00000000b9480000, 0x00000000e0000000)
  object space 414208K, 65% used [0x00000000a0000000,0x00000000b0a23688,0x00000000b9480000)
 Metaspace       used 103834K, capacity 108860K, committed 111832K, reserved 1146880K
  class space    used 13033K, capacity 13913K, committed 14552K, reserved 1048576K
}
Event: 3711.133 GC heap before
{Heap before GC invocations=85 (full 5):
 PSYoungGen      total 473088K, used 439232K [0x00000000e0000000, 0x00000000ffe80000, 0x0000000100000000)
  eden space 425984K, 100% used [0x00000000e0000000,0x00000000fa000000,0x00000000fa000000)
  from space 47104K, 28% used [0x00000000fa000000,0x00000000facf0098,0x00000000fce00000)
  to   space 46080K, 0% used [0x00000000fd180000,0x00000000fd180000,0x00000000ffe80000)
 ParOldGen       total 414208K, used 272525K [0x00000000a0000000, 0x00000000b9480000, 0x00000000e0000000)
  object space 414208K, 65% used [0x00000000a0000000,0x00000000b0a236c0,0x00000000b9480000)
 Metaspace       used 103900K, capacity 108860K, committed 111832K, reserved 1146880K
  class space    used 13035K, capacity 13913K, committed 14552K, reserved 1048576K
Event: 3711.147 GC heap after
Heap after GC invocations=85 (full 5):
 PSYoungGen      total 476672K, used 6289K [0x00000000e0000000, 0x00000000ffe00000, 0x0000000100000000)
  eden space 431104K, 0% used [0x00000000e0000000,0x00000000e0000000,0x00000000fa500000)
  from space 45568K, 13% used [0x00000000fd180000,0x00000000fd7a4798,0x00000000ffe00000)
  to   space 45568K, 0% used [0x00000000fa500000,0x00000000fa500000,0x00000000fd180000)
 ParOldGen       total 414208K, used 281917K [0x00000000a0000000, 0x00000000b9480000, 0x00000000e0000000)
  object space 414208K, 68% used [0x00000000a0000000,0x00000000b134f510,0x00000000b9480000)
 Metaspace       used 103900K, capacity 108860K, committed 111832K, reserved 1146880K
  class space    used 13035K, capacity 13913K, committed 14552K, reserved 1048576K
}

Deoptimization events (10 events):
Event: 3710.783 Thread 0x000000001a074800 Uncommon trap: reason=class_check action=maybe_recompile pc=0x00000000070ab458 method=java.util.regex.Pattern$SliceI.match(Ljava/util/regex/Matcher;ILjava/lang/CharSequence;)Z @ 92
Event: 3710.784 Thread 0x000000001a074800 Uncommon trap: reason=class_check action=maybe_recompile pc=0x00000000070ab458 method=java.util.regex.Pattern$SliceI.match(Ljava/util/regex/Matcher;ILjava/lang/CharSequence;)Z @ 92
Event: 3710.785 Thread 0x000000001a074800 Uncommon trap: reason=bimorphic action=maybe_recompile pc=0x0000000006bdb038 method=sun.nio.fs.WindowsChannelFactory$Flags.toFlags(Ljava/util/Set;)Lsun/nio/fs/WindowsChannelFactory$Flags; @ 9
Event: 3710.785 Thread 0x000000001a074800 Uncommon trap: reason=unstable_if action=reinterpret pc=0x0000000006a20a00 method=sun.nio.fs.WindowsChannelFactory.open(Ljava/lang/String;Ljava/lang/String;Lsun/nio/fs/WindowsChannelFactory$Flags;J)Ljava/io/FileDescriptor; @ 95
Event: 3710.895 Thread 0x000000001a074800 Uncommon trap: reason=class_check action=maybe_recompile pc=0x00000000045d9568 method=java.util.zip.DeflaterOutputStream.deflate()V @ 32
Event: 3710.895 Thread 0x000000001a074800 Uncommon trap: reason=class_check action=maybe_recompile pc=0x00000000045d9568 method=java.util.zip.DeflaterOutputStream.deflate()V @ 32
Event: 3710.895 Thread 0x000000001a074800 Uncommon trap: reason=class_check action=maybe_recompile pc=0x00000000045d9568 method=java.util.zip.DeflaterOutputStream.deflate()V @ 32
Event: 3710.895 Thread 0x000000001a074800 Uncommon trap: reason=class_check action=maybe_recompile pc=0x00000000045d9568 method=java.util.zip.DeflaterOutputStream.deflate()V @ 32
Event: 3710.899 Thread 0x000000001a074800 Uncommon trap: reason=unstable_if action=reinterpret pc=0x000000000440c528 method=java.io.BufferedOutputStream.write(I)V @ 9
Event: 3710.984 Thread 0x000000001e19a000 Uncommon trap: reason=unstable_if action=reinterpret pc=0x0000000004c5a3c4 method=com.google.common.cache.LongAdder.add(J)V @ 46

Classes redefined (0 events):
No events

Internal exceptions (10 events):
Event: 3709.656 Thread 0x000000001e19a000 Implicit null exception at 0x0000000006845953 to 0x000000000684846d
Event: 3709.681 Thread 0x000000001e19a000 Implicit null exception at 0x0000000003f5027f to 0x0000000003f51961
Event: 3710.312 Thread 0x000000001a075800 Exception <a 'sun/nio/fs/WindowsException'> (0x00000000e37ed2e0) thrown at [D:\src\AOSP-openjdk-cygwin\jdk8u\hotspot\src\share\vm\prims\jni.cpp, line 710]
Event: 3710.608 Thread 0x000000001e19c000 Exception <a 'sun/nio/fs/WindowsException'> (0x00000000f8581708) thrown at [D:\src\AOSP-openjdk-cygwin\jdk8u\hotspot\src\share\vm\prims\jni.cpp, line 710]
Event: 3710.738 Thread 0x000000001a071800 Exception <a 'sun/nio/fs/WindowsException'> (0x00000000e28ed920) thrown at [D:\src\AOSP-openjdk-cygwin\jdk8u\hotspot\src\share\vm\prims\jni.cpp, line 710]
Event: 3710.784 Thread 0x000000001a074800 Exception <a 'sun/nio/fs/WindowsException'> (0x00000000e562e860) thrown at [D:\src\AOSP-openjdk-cygwin\jdk8u\hotspot\src\share\vm\prims\jni.cpp, line 710]
Event: 3710.784 Thread 0x000000001a074800 Exception <a 'sun/nio/fs/WindowsException'> (0x00000000e562f270) thrown at [D:\src\AOSP-openjdk-cygwin\jdk8u\hotspot\src\share\vm\prims\jni.cpp, line 710]
Event: 3710.784 Thread 0x000000001a074800 Exception <a 'sun/nio/fs/WindowsException'> (0x00000000e5630c98) thrown at [D:\src\AOSP-openjdk-cygwin\jdk8u\hotspot\src\share\vm\prims\jni.cpp, line 710]
Event: 3710.785 Thread 0x000000001a074800 Exception <a 'sun/nio/fs/WindowsException'> (0x00000000e5631e90) thrown at [D:\src\AOSP-openjdk-cygwin\jdk8u\hotspot\src\share\vm\prims\jni.cpp, line 710]
Event: 3710.984 Thread 0x000000001e19a000 Implicit null exception at 0x0000000004c59cf4 to 0x0000000004c5a3a1

Events (10 events):
Event: 3711.455 Thread 0x00000000202e8000 DEOPT PACKING pc=0x00000000059ce7c8 sp=0x000000001d129860
Event: 3711.455 Thread 0x00000000202e8000 DEOPT UNPACKING pc=0x0000000002fd75d0 sp=0x000000001d129890 mode 0
Event: 3711.456 Thread 0x000000001e197000 DEOPT PACKING pc=0x0000000007bc74ae sp=0x00000000283ac9e0
Event: 3711.456 Thread 0x000000001e197000 DEOPT UNPACKING pc=0x0000000002fd75d0 sp=0x00000000283ac9b8 mode 0
Event: 3711.456 Thread 0x000000001a075800 DEOPT PACKING pc=0x0000000007808029 sp=0x000000002778d360
Event: 3711.456 Thread 0x000000001a075800 DEOPT UNPACKING pc=0x0000000002fd75d0 sp=0x000000002778d0a0 mode 0
Event: 3711.486 Thread 0x000000001a071800 DEOPT PACKING pc=0x0000000007808029 sp=0x000000002614d220
Event: 3711.486 Thread 0x000000001a071800 DEOPT UNPACKING pc=0x0000000002fd75d0 sp=0x000000002614cf60 mode 0
Event: 3711.507 Thread 0x000000001a075800 DEOPT PACKING pc=0x0000000007808029 sp=0x000000002778d360
Event: 3711.507 Thread 0x000000001a075800 DEOPT UNPACKING pc=0x0000000002fd75d0 sp=0x000000002778d0a0 mode 0


Dynamic libraries:
0x00007ff609b90000 - 0x00007ff609bc1000 	C:\Program Files\Android\Android Studio\jre\bin\java.exe
0x00007ffabf220000 - 0x00007ffabf410000 	C:\WINDOWS\SYSTEM32\ntdll.dll
0x00007ffabecb0000 - 0x00007ffabed62000 	C:\WINDOWS\System32\KERNEL32.DLL
0x00007ffabc1b0000 - 0x00007ffabc453000 	C:\WINDOWS\System32\KERNELBASE.dll
0x00007ffabeef0000 - 0x00007ffabef93000 	C:\WINDOWS\System32\ADVAPI32.dll
0x00007ffabea60000 - 0x00007ffabeafe000 	C:\WINDOWS\System32\msvcrt.dll
0x00007ffabee50000 - 0x00007ffabeee7000 	C:\WINDOWS\System32\sechost.dll
0x00007ffabe930000 - 0x00007ffabea50000 	C:\WINDOWS\System32\RPCRT4.dll
0x00007ffabdf00000 - 0x00007ffabe094000 	C:\WINDOWS\System32\USER32.dll
0x00007ffabd270000 - 0x00007ffabd291000 	C:\WINDOWS\System32\win32u.dll
0x00007ffabe0a0000 - 0x00007ffabe0c6000 	C:\WINDOWS\System32\GDI32.dll
0x00007ffabd0d0000 - 0x00007ffabd264000 	C:\WINDOWS\System32\gdi32full.dll
0x00007ffabcdc0000 - 0x00007ffabce5e000 	C:\WINDOWS\System32\msvcp_win.dll
0x00007ffabcbe0000 - 0x00007ffabccda000 	C:\WINDOWS\System32\ucrtbase.dll
0x00007ffabb6f0000 - 0x00007ffabb975000 	C:\WINDOWS\WinSxS\amd64_microsoft.windows.common-controls_6595b64144ccf1df_6.0.18362.476_none_e6c4b11b130f2595\COMCTL32.dll
0x00007ffabdb10000 - 0x00007ffabde46000 	C:\WINDOWS\System32\combase.dll
0x00007ffabcd40000 - 0x00007ffabcdc0000 	C:\WINDOWS\System32\bcryptPrimitives.dll
0x00007ffabee20000 - 0x00007ffabee4e000 	C:\WINDOWS\System32\IMM32.DLL
0x0000000058b50000 - 0x0000000058c22000 	C:\Program Files\Android\Android Studio\jre\jre\bin\msvcr100.dll
0x0000000058260000 - 0x0000000058aa6000 	C:\Program Files\Android\Android Studio\jre\jre\bin\server\jvm.dll
0x00007ffabd330000 - 0x00007ffabd338000 	C:\WINDOWS\System32\PSAPI.DLL
0x00007ffaa2f90000 - 0x00007ffaa2f99000 	C:\WINDOWS\SYSTEM32\WSOCK32.dll
0x00007ffaba360000 - 0x00007ffaba36a000 	C:\WINDOWS\SYSTEM32\VERSION.dll
0x00007ffab63f0000 - 0x00007ffab6414000 	C:\WINDOWS\SYSTEM32\WINMM.dll
0x00007ffabebd0000 - 0x00007ffabec3f000 	C:\WINDOWS\System32\WS2_32.dll
0x00007ffab63c0000 - 0x00007ffab63ed000 	C:\WINDOWS\SYSTEM32\winmmbase.dll
0x00007ffabce60000 - 0x00007ffabceaa000 	C:\WINDOWS\System32\cfgmgr32.dll
0x00007ffabbb60000 - 0x00007ffabbb6f000 	C:\Program Files\Android\Android Studio\jre\jre\bin\verify.dll
0x00007ffaa7f90000 - 0x00007ffaa7fb9000 	C:\Program Files\Android\Android Studio\jre\jre\bin\java.dll
0x00007ffaa7f70000 - 0x00007ffaa7f86000 	C:\Program Files\Android\Android Studio\jre\jre\bin\zip.dll
0x00007ffabd420000 - 0x00007ffabdb05000 	C:\WINDOWS\System32\SHELL32.dll
0x00007ffabde50000 - 0x00007ffabdef9000 	C:\WINDOWS\System32\shcore.dll
0x00007ffabc460000 - 0x00007ffabcbde000 	C:\WINDOWS\System32\windows.storage.dll
0x00007ffabc170000 - 0x00007ffabc18f000 	C:\WINDOWS\System32\profapi.dll
0x00007ffabc120000 - 0x00007ffabc16a000 	C:\WINDOWS\System32\powrprof.dll
0x00007ffabc0f0000 - 0x00007ffabc100000 	C:\WINDOWS\System32\UMPDC.dll
0x00007ffabf020000 - 0x00007ffabf072000 	C:\WINDOWS\System32\shlwapi.dll
0x00007ffabc100000 - 0x00007ffabc111000 	C:\WINDOWS\System32\kernel.appcore.dll
0x00007ffabd0b0000 - 0x00007ffabd0c7000 	C:\WINDOWS\System32\cryptsp.dll
0x00007ffaa7fe0000 - 0x00007ffaa7ffa000 	C:\Program Files\Android\Android Studio\jre\jre\bin\net.dll
0x00007ffabb2e0000 - 0x00007ffabb347000 	C:\WINDOWS\system32\mswsock.dll
0x00007ffaa7fc0000 - 0x00007ffaa7fd1000 	C:\Program Files\Android\Android Studio\jre\jre\bin\nio.dll
0x00007ffa70e60000 - 0x00007ffa70e86000 	C:\Users\navde\.gradle\native\29\windows-amd64\native-platform.dll
0x00007ffabbb50000 - 0x00007ffabbb5d000 	C:\Program Files\Android\Android Studio\jre\jre\bin\management.dll
0x00007ffabae50000 - 0x00007ffabae83000 	C:\WINDOWS\system32\rsaenh.dll
0x00007ffabd2a0000 - 0x00007ffabd2c6000 	C:\WINDOWS\System32\bcrypt.dll
0x00007ffabbfe0000 - 0x00007ffabc005000 	C:\WINDOWS\SYSTEM32\USERENV.dll
0x00007ffabb4b0000 - 0x00007ffabb4bc000 	C:\WINDOWS\SYSTEM32\CRYPTBASE.dll
0x00007ffabaff0000 - 0x00007ffabb02a000 	C:\WINDOWS\SYSTEM32\IPHLPAPI.DLL
0x00007ffabe4b0000 - 0x00007ffabe4b8000 	C:\WINDOWS\System32\NSI.dll
0x00007ffab2ab0000 - 0x00007ffab2ac6000 	C:\WINDOWS\SYSTEM32\dhcpcsvc6.DLL
0x00007ffab39c0000 - 0x00007ffab39dc000 	C:\WINDOWS\SYSTEM32\dhcpcsvc.DLL
0x00007ffabb030000 - 0x00007ffabb0fa000 	C:\WINDOWS\SYSTEM32\DNSAPI.dll
0x00007ffa713d0000 - 0x00007ffa7156c000 	C:\Program Files\Android\Android Studio\jre\jre\bin\awt.dll
0x00007ffabe0d0000 - 0x00007ffabe194000 	C:\WINDOWS\System32\OLEAUT32.dll
0x00007ffab99a0000 - 0x00007ffab99cd000 	C:\WINDOWS\SYSTEM32\dwmapi.dll
0x00007ffab7fd0000 - 0x00007ffab8590000 	C:\WINDOWS\SYSTEM32\d2d1.dll
0x00007ffab9480000 - 0x00007ffab950f000 	C:\WINDOWS\SYSTEM32\apphelp.dll
0x00007ffab9580000 - 0x00007ffab9619000 	C:\WINDOWS\system32\uxtheme.dll
0x00007ffa712c0000 - 0x00007ffa712e4000 	C:\Program Files\Android\Android Studio\jre\jre\bin\sunec.dll
0x00007ffab5c40000 - 0x00007ffab5c4a000 	C:\Windows\System32\rasadhlp.dll
0x00007ffab2890000 - 0x00007ffab2907000 	C:\WINDOWS\System32\fwpuclnt.dll
0x00007ffaa8140000 - 0x00007ffaa814b000 	C:\Program Files\Android\Android Studio\jre\jre\bin\sunmscapi.dll
0x00007ffabceb0000 - 0x00007ffabcff9000 	C:\WINDOWS\System32\CRYPT32.dll
0x00007ffabc190000 - 0x00007ffabc1a2000 	C:\WINDOWS\System32\MSASN1.dll
0x00007ffabbc10000 - 0x00007ffabbe04000 	C:\WINDOWS\SYSTEM32\dbghelp.dll

VM Arguments:
jvm_args: -Xmx1536m -Dfile.encoding=windows-1252 -Duser.country=IN -Duser.language=en -Duser.variant 
java_command: org.gradle.launcher.daemon.bootstrap.GradleDaemon 5.4.1
java_class_path (initial): C:\Users\navde\.gradle\wrapper\dists\gradle-5.4.1-all\3221gyojl5jsh0helicew7rwx\gradle-5.4.1\lib\gradle-launcher-5.4.1.jar
Launcher Type: SUN_STANDARD

Environment Variables:
PATH=C:\Program Files (x86)\Common Files\Intel\Shared Libraries\redist\intel64\compiler;C:\Program Files (x86)\Intel\iCLS Client\;C:\Program Files\Intel\iCLS Client\;C:\Windows\system32;C:\Windows;C:\Windows\System32\Wbem;C:\Windows\System32\WindowsPowerShell\v1.0\;C:\Program Files (x86)\Intel\Intel(R) Management Engine Components\DAL;C:\Program Files\Intel\Intel(R) Management Engine Components\DAL;C:\Program Files (x86)\Intel\Intel(R) Management Engine Components\IPT;C:\Program Files\Intel\Intel(R) Management Engine Components\IPT;C:\Program Files (x86)\NVIDIA Corporation\PhysX\Common;C:\WINDOWS\system32;C:\WINDOWS;C:\WINDOWS\System32\Wbem;C:\WINDOWS\System32\WindowsPowerShell\v1.0\;C:\WINDOWS\System32\OpenSSH\;C:\Program Files\Intel\WiFi\bin\;C:\Program Files\Common Files\Intel\WirelessCommon\;C:\Program Files\Git\cmd;C:\Users\navde\AppData\Local\Microsoft\WindowsApps;
USERNAME=navde
OS=Windows_NT
PROCESSOR_IDENTIFIER=Intel64 Family 6 Model 142 Stepping 10, GenuineIntel



---------------  S Y S T E M  ---------------

OS: Windows 10.0 , 64 bit Build 18362 (10.0.18362.329)

CPU:total 8 (initial active 8) (4 cores per cpu, 2 threads per core) family 6 model 142 stepping 10, cmov, cx8, fxsr, mmx, sse, sse2, sse3, ssse3, sse4.1, sse4.2, popcnt, avx, avx2, aes, clmul, erms, 3dnowpref, lzcnt, ht, tsc, tscinvbit, bmi1, bmi2, adx

Memory: 4k page, physical 25049316k(13915364k free), swap 28719332k(16663876k free)

vm_info: OpenJDK 64-Bit Server VM (25.202-b03) for windows-amd64 JRE (1.8.0_202-release-1483-b03), built by "builder" with MS VC++ 10.0 (VS2010)

time: Sun Dec 08 01:01:09 2019
timezone: India Standard Time
elapsed time: 3711 seconds (0d 1h 1m 51s)

